INFO:root:Generate index url and parse index html
INFO:root:Find 10-Q url through checking the file type in each table row
INFO:root:Check cleaned directory
INFO:root:Extract raw tables, start to clean up data
INFO:root:Start to clean up Table4
INFO:root:Write cleaned table38 to csv
INFO:root:Start to clean up Table5
INFO:root:Write cleaned table31 to csv
INFO:root:Start to clean up Table6
INFO:root:Write cleaned table34 to csv
INFO:root:Start to clean up Table7
INFO:root:Write cleaned table35 to csv
INFO:root:Start to clean up Table8
INFO:root:Write cleaned table41 to csv
INFO:root:Start to clean up Table9
INFO:root:Write cleaned table51 to csv
INFO:root:Start to clean up Table10
INFO:root:Write cleaned table23 to csv
INFO:root:Start to clean up Table11
INFO:root:Write cleaned table23 to csv
INFO:root:Start to clean up Table12
INFO:root:Write cleaned table6 to csv
INFO:root:Start to clean up Table13
INFO:root:Write cleaned table6 to csv
INFO:root:Start to clean up Table14
INFO:root:Write cleaned table4 to csv
INFO:root:Start to clean up Table15
INFO:root:Write cleaned table4 to csv
INFO:root:Start to clean up Table16
INFO:root:Write cleaned table13 to csv
INFO:root:Start to clean up Table17
INFO:root:Write cleaned table39 to csv
INFO:root:Start to clean up Table18
INFO:root:Write cleaned table19 to csv
INFO:root:Start to clean up Table19
INFO:root:Write cleaned table20 to csv
INFO:root:Start to clean up Table20
INFO:root:Write cleaned table19 to csv
INFO:root:Start to clean up Table21
INFO:root:Write cleaned table20 to csv
INFO:root:Start to clean up Table22
INFO:root:Write cleaned table13 to csv
INFO:root:Start to clean up Table23
INFO:root:Write cleaned table23 to csv
INFO:root:Start to clean up Table24
INFO:root:Write cleaned table23 to csv
INFO:root:Start to clean up Table25
INFO:root:Write cleaned table12 to csv
INFO:root:Start to clean up Table26
INFO:root:Write cleaned table23 to csv
INFO:root:Start to clean up Table27
INFO:root:Write cleaned table14 to csv
INFO:root:Start to clean up Table28
INFO:root:Write cleaned table11 to csv
INFO:root:Start to clean up Table29
INFO:root:Write cleaned table11 to csv
INFO:root:Start to clean up Table30
INFO:root:Write cleaned table16 to csv
INFO:root:Start to clean up Table31
INFO:root:Write cleaned table16 to csv
INFO:root:Start to clean up Table32
INFO:root:Write cleaned table10 to csv
INFO:root:Start to clean up Table33
INFO:root:Write cleaned table50 to csv
INFO:root:Start to clean up Table34
INFO:root:Write cleaned table50 to csv
INFO:root:Start to clean up Table35
INFO:root:Write cleaned table32 to csv
INFO:root:Start to clean up Table36
INFO:root:Write cleaned table32 to csv
INFO:root:Start to clean up Table37
INFO:root:Write cleaned table30 to csv
INFO:root:Start to clean up Table38
INFO:root:Write cleaned table30 to csv
INFO:root:Start to clean up Table39
INFO:root:Write cleaned table28 to csv
INFO:root:Start to clean up Table40
INFO:root:Write cleaned table6 to csv
INFO:root:Start to clean up Table41
INFO:root:Write cleaned table8 to csv
INFO:root:Start to clean up Table42
INFO:root:Write cleaned table16 to csv
INFO:root:Start to clean up Table43
INFO:root:Write cleaned table14 to csv
INFO:root:Start to clean up Table44
INFO:root:Write cleaned table13 to csv
INFO:root:Start to clean up Table45
INFO:root:Write cleaned table11 to csv
INFO:root:Start to clean up Table46
INFO:root:Write cleaned table17 to csv
INFO:root:Start to clean up Table47
INFO:root:Write cleaned table22 to csv
INFO:root:Start to clean up Table48
INFO:root:Write cleaned table8 to csv
INFO:root:Start to clean up Table49
INFO:root:Write cleaned table11 to csv
INFO:root:Start to clean up Table50
INFO:root:Write cleaned table11 to csv
INFO:root:Start to clean up Table51
INFO:root:Write cleaned table12 to csv
INFO:root:Start to clean up Table52
INFO:root:Write cleaned table25 to csv
INFO:root:Start to clean up Table53
INFO:root:Write cleaned table20 to csv
INFO:root:Start to clean up Table54
INFO:root:Write cleaned table21 to csv
INFO:root:Start to clean up Table55
INFO:root:Write cleaned table8 to csv
INFO:root:Start to clean up Table56
INFO:root:Write cleaned table2 to csv
INFO:root:Start to clean up Table57
INFO:root:Write cleaned table24 to csv
INFO:root:Start to clean up Table58
INFO:root:Write cleaned table8 to csv
INFO:root:Start to clean up Table59
INFO:root:Write cleaned table2 to csv
INFO:root:Start to clean up Table60
INFO:root:Write cleaned table28 to csv
INFO:root:Start to clean up Table61
INFO:root:Write cleaned table28 to csv
INFO:root:Start to clean up Table62
INFO:root:Write cleaned table12 to csv
INFO:root:Start to clean up Table63
INFO:root:Write cleaned table11 to csv
INFO:root:Start to clean up Table64
INFO:root:Write cleaned table12 to csv
INFO:root:Start to clean up Table65
INFO:root:Write cleaned table13 to csv
INFO:root:Start to clean up Table66
INFO:root:Write cleaned table30 to csv
INFO:root:Start to clean up Table67
INFO:root:Write cleaned table7 to csv
INFO:root:Start to clean up Table68
INFO:root:Write cleaned table7 to csv
INFO:root:Start to clean up Table69
INFO:root:Write cleaned table7 to csv
INFO:root:Start to clean up Table70
INFO:root:Write cleaned table37 to csv
INFO:root:Start to clean up Table71
INFO:root:Write cleaned table8 to csv
INFO:root:Start to clean up Table72
INFO:root:Write cleaned table8 to csv
INFO:root:Start to clean up Table73
INFO:root:Write cleaned table14 to csv
INFO:root:Start to clean up Table74
INFO:root:Write cleaned table13 to csv
INFO:root:Start to clean up Table75
INFO:root:Write cleaned table10 to csv
INFO:root:Start to clean up Table76
INFO:root:Write cleaned table11 to csv
INFO:root:Start to clean up Table77
INFO:root:Write cleaned table28 to csv
INFO:root:Start to clean up Table78
INFO:root:Write cleaned table26 to csv
INFO:root:Start to clean up Table79
INFO:root:Write cleaned table4 to csv
INFO:root:Start to clean up Table80
INFO:root:Write cleaned table18 to csv
INFO:root:Start to clean up Table81
INFO:root:Write cleaned table16 to csv
INFO:root:Start to clean up Table82
INFO:root:Write cleaned table30 to csv
INFO:root:Start to clean up Table83
INFO:root:Write cleaned table11 to csv
INFO:root:Start to clean up Table84
INFO:root:Write cleaned table8 to csv
INFO:root:Start to clean up Table85
INFO:root:Write cleaned table18 to csv
INFO:root:Start to clean up Table86
INFO:root:Write cleaned table10 to csv
INFO:root:Start to clean up Table87
INFO:root:Write cleaned table34 to csv
INFO:root:Start to clean up Table88
INFO:root:Write cleaned table9 to csv
INFO:root:Start to clean up Table89
INFO:root:Write cleaned table10 to csv
INFO:root:Start to clean up Table90
INFO:root:Write cleaned table8 to csv
INFO:root:Start to clean up Table91
INFO:root:Write cleaned table7 to csv
INFO:root:Start to clean up Table92
INFO:root:Write cleaned table5 to csv
INFO:root:Start to clean up Table93
INFO:root:Write cleaned table5 to csv
INFO:root:Start to clean up Table94
INFO:root:Write cleaned table4 to csv
INFO:root:Start to clean up Table95
INFO:root:Write cleaned table13 to csv
INFO:root:Start to clean up Table96
INFO:root:Write cleaned table13 to csv
INFO:root:Start to clean up Table97
INFO:root:Write cleaned table19 to csv
INFO:root:Start to clean up Table98
INFO:root:Write cleaned table9 to csv
INFO:root:Start to clean up Table99
INFO:root:Write cleaned table7 to csv
INFO:root:Start to clean up Table100
INFO:root:Write cleaned table8 to csv
INFO:root:Start to clean up Table101
INFO:root:Write cleaned table13 to csv
INFO:root:Start to clean up Table102
INFO:root:Write cleaned table4 to csv
INFO:root:Start to clean up Table103
INFO:root:Write cleaned table7 to csv
INFO:root:Start to clean up Table104
INFO:root:Write cleaned table8 to csv
INFO:root:Start to clean up Table105
INFO:root:Write cleaned table17 to csv
INFO:root:Start to clean up Table106
INFO:root:Write cleaned table17 to csv
INFO:root:Start to clean up Table107
INFO:root:Write cleaned table17 to csv
INFO:root:Start to clean up Table108
INFO:root:Write cleaned table17 to csv
INFO:root:Start to clean up Table109
INFO:root:Write cleaned table13 to csv
INFO:root:Start to clean up Table110
INFO:root:Write cleaned table13 to csv
INFO:root:Start to clean up Table111
INFO:root:Write cleaned table6 to csv
